CRITICAL - 2024-11-15 10:25:04 --> CodeIgniter\Exceptions\PageNotFoundException: Page Not Found
[Method: GET, Route: ws]
in SYSTEMPATH\CodeIgniter.php on line 982.
 1 SYSTEMPATH\CodeIgniter.php(982): CodeIgniter\Exceptions\PageNotFoundException::forPageNotFound(null)
 2 SYSTEMPATH\CodeIgniter.php(364): CodeIgniter\CodeIgniter->display404errors(Object(CodeIgniter\Exceptions\PageNotFoundException))
 3 SYSTEMPATH\Boot.php(312): CodeIgniter\CodeIgniter->run()
 4 SYSTEMPATH\Boot.php(67): CodeIgniter\Boot::runCodeIgniter(Object(CodeIgniter\CodeIgniter))
 5 FCPATH\index.php(41): CodeIgniter\Boot::bootWeb(Object(Config\Paths))
 6 SYSTEMPATH\Commands\Server\rewrite.php(49): require_once('D:\\xampp\\htdocs\\NepWood\\public\\index.php')
CRITICAL - 2024-11-15 10:45:16 --> CodeIgniter\Exceptions\PageNotFoundException: Page Not Found
[Method: GET, Route: get-front-product-detailss]
in SYSTEMPATH\CodeIgniter.php on line 982.
 1 SYSTEMPATH\CodeIgniter.php(982): CodeIgniter\Exceptions\PageNotFoundException::forPageNotFound(null)
 2 SYSTEMPATH\CodeIgniter.php(364): CodeIgniter\CodeIgniter->display404errors(Object(CodeIgniter\Exceptions\PageNotFoundException))
 3 SYSTEMPATH\Boot.php(312): CodeIgniter\CodeIgniter->run()
 4 SYSTEMPATH\Boot.php(67): CodeIgniter\Boot::runCodeIgniter(Object(CodeIgniter\CodeIgniter))
 5 FCPATH\index.php(41): CodeIgniter\Boot::bootWeb(Object(Config\Paths))
 6 SYSTEMPATH\Commands\Server\rewrite.php(49): require_once('D:\\xampp\\htdocs\\NepWood\\public\\index.php')
CRITICAL - 2024-11-15 10:45:16 --> CodeIgniter\Exceptions\PageNotFoundException: Page Not Found
[Method: GET, Route: assets/uploads/404.gif]
in SYSTEMPATH\CodeIgniter.php on line 982.
 1 SYSTEMPATH\CodeIgniter.php(982): CodeIgniter\Exceptions\PageNotFoundException::forPageNotFound(null)
 2 SYSTEMPATH\CodeIgniter.php(364): CodeIgniter\CodeIgniter->display404errors(Object(CodeIgniter\Exceptions\PageNotFoundException))
 3 SYSTEMPATH\Boot.php(312): CodeIgniter\CodeIgniter->run()
 4 SYSTEMPATH\Boot.php(67): CodeIgniter\Boot::runCodeIgniter(Object(CodeIgniter\CodeIgniter))
 5 FCPATH\index.php(41): CodeIgniter\Boot::bootWeb(Object(Config\Paths))
 6 SYSTEMPATH\Commands\Server\rewrite.php(49): require_once('D:\\xampp\\htdocs\\NepWood\\public\\index.php')
CRITICAL - 2024-11-15 10:45:17 --> CodeIgniter\Exceptions\PageNotFoundException: Page Not Found
[Method: GET, Route: get-front-product-detailss/ws]
in SYSTEMPATH\CodeIgniter.php on line 982.
 1 SYSTEMPATH\CodeIgniter.php(982): CodeIgniter\Exceptions\PageNotFoundException::forPageNotFound(null)
 2 SYSTEMPATH\CodeIgniter.php(364): CodeIgniter\CodeIgniter->display404errors(Object(CodeIgniter\Exceptions\PageNotFoundException))
 3 SYSTEMPATH\Boot.php(312): CodeIgniter\CodeIgniter->run()
 4 SYSTEMPATH\Boot.php(67): CodeIgniter\Boot::runCodeIgniter(Object(CodeIgniter\CodeIgniter))
 5 FCPATH\index.php(41): CodeIgniter\Boot::bootWeb(Object(Config\Paths))
 6 SYSTEMPATH\Commands\Server\rewrite.php(49): require_once('D:\\xampp\\htdocs\\NepWood\\public\\index.php')
